This file contains any messages produced by compilers while
running configure, to aid debugging if configure makes a mistake.

It was created by rnnoise configure 0.2-15-g751dc33, which was
generated by GNU Autoconf 2.71.  Invocation command line was

  $ ./configure

## --------- ##
## Platform. ##
## --------- ##

hostname = cz-audio
uname -m = x86_64
uname -r = 5.15.0-112-generic
uname -s = Linux
uname -v = #122-Ubuntu SMP Thu May 23 07:48:21 UTC 2024

/usr/bin/uname -p = x86_64
/bin/uname -X     = unknown

/bin/arch              = x86_64
/usr/bin/arch -k       = unknown
/usr/convex/getsysinfo = unknown
/usr/bin/hostinfo      = unknown
/bin/machine           = unknown
/usr/bin/oslevel       = unknown
/bin/universe          = unknown

PATH: /home/gyang/.vscode-server/cli/servers/Stable-fabdb6a30b49f79a7aba0f2ad9df9b399473380f/server/bin/remote-cli/
PATH: /usr/local/sbin/
PATH: /usr/local/bin/
PATH: /usr/sbin/
PATH: /usr/bin/
PATH: /sbin/
PATH: /bin/
PATH: /usr/games/
PATH: /usr/local/games/
PATH: /snap/bin/
PATH: /home/gyang/.dotnet/tools/
PATH: /opt/host/bin/
PATH: /opt/gcc/linux-x86/arm/gcc-arm-8.3-2019.03-x86_64-arm-linux-gnueabihf/bin/


## ----------- ##
## Core tests. ##
## ----------- ##

configure:2393: looking for aux files: config.guess config.sub ltmain.sh missing install-sh compile
configure:2406:  trying ./
configure:2435:   ./config.guess found
configure:2435:   ./config.sub found
configure:2435:   ./ltmain.sh found
configure:2435:   ./missing found
configure:2417:   ./install-sh found
configure:2435:   ./compile found
configure:2616: checking for gcc
configure:2637: found /usr/bin/gcc
configure:2648: result: gcc
configure:3001: checking for C compiler version
configure:3010: gcc --version >&5
gcc (Ubuntu 11.4.0-1ubuntu1~22.04) 11.4.0
Copyright (C) 2021 Free Software Foundation, Inc.
This is free software; see the source for copying conditions.  There is NO
warranty; not even for MERCHANTABILITY or FITNESS FOR A PARTICULAR PURPOSE.

configure:3021: $? = 0
configure:3010: gcc -v >&5
Using built-in specs.
COLLECT_GCC=gcc
COLLECT_LTO_WRAPPER=/usr/lib/gcc/x86_64-linux-gnu/11/lto-wrapper
OFFLOAD_TARGET_NAMES=nvptx-none:amdgcn-amdhsa
OFFLOAD_TARGET_DEFAULT=1
Target: x86_64-linux-gnu
Configured with: ../src/configure -v --with-pkgversion='Ubuntu 11.4.0-1ubuntu1~22.04' --with-bugurl=file:///usr/share/doc/gcc-11/README.Bugs --enable-languages=c,ada,c++,go,brig,d,fortran,objc,obj-c++,m2 --prefix=/usr --with-gcc-major-version-only --program-suffix=-11 --program-prefix=x86_64-linux-gnu- --enable-shared --enable-linker-build-id --libexecdir=/usr/lib --without-included-gettext --enable-threads=posix --libdir=/usr/lib --enable-nls --enable-bootstrap --enable-clocale=gnu --enable-libstdcxx-debug --enable-libstdcxx-time=yes --with-default-libstdcxx-abi=new --enable-gnu-unique-object --disable-vtable-verify --enable-plugin --enable-default-pie --with-system-zlib --enable-libphobos-checking=release --with-target-system-zlib=auto --enable-objc-gc=auto --enable-multiarch --disable-werror --enable-cet --with-arch-32=i686 --with-abi=m64 --with-multilib-list=m32,m64,mx32 --enable-multilib --with-tune=generic --enable-offload-targets=nvptx-none=/build/gcc-11-XeT9lY/gcc-11-11.4.0/debian/tmp-nvptx/usr,amdgcn-amdhsa=/build/gcc-11-XeT9lY/gcc-11-11.4.0/debian/tmp-gcn/usr --without-cuda-driver --enable-checking=release --build=x86_64-linux-gnu --host=x86_64-linux-gnu --target=x86_64-linux-gnu --with-build-config=bootstrap-lto-lean --enable-link-serialization=2
Thread model: posix
Supported LTO compression algorithms: zlib zstd
gcc version 11.4.0 (Ubuntu 11.4.0-1ubuntu1~22.04) 
... rest of stderr output deleted ...
configure:3021: $? = 0
configure:3010: gcc -V >&5
gcc: error: unrecognized command-line option '-V'
gcc: fatal error: no input files
compilation terminated.
configure:3021: $? = 1
configure:3010: gcc -qversion >&5
gcc: error: unrecognized command-line option '-qversion'; did you mean '--version'?
gcc: fatal error: no input files
compilation terminated.
configure:3021: $? = 1
configure:3010: gcc -version >&5
gcc: error: unrecognized command-line option '-version'
gcc: fatal error: no input files
compilation terminated.
configure:3021: $? = 1
configure:3041: checking whether the C compiler works
configure:3063: gcc    conftest.c  >&5
configure:3067: $? = 0
configure:3117: result: yes
configure:3120: checking for C compiler default output file name
configure:3122: result: a.out
configure:3128: checking for suffix of executables
configure:3135: gcc -o conftest    conftest.c  >&5
configure:3139: $? = 0
configure:3162: result: 
configure:3184: checking whether we are cross compiling
configure:3192: gcc -o conftest    conftest.c  >&5
configure:3196: $? = 0
configure:3203: ./conftest
configure:3207: $? = 0
configure:3222: result: no
configure:3227: checking for suffix of object files
configure:3250: gcc -c   conftest.c >&5
configure:3254: $? = 0
configure:3276: result: o
configure:3280: checking whether the compiler supports GNU C
configure:3300: gcc -c   conftest.c >&5
configure:3300: $? = 0
configure:3310: result: yes
configure:3321: checking whether gcc accepts -g
configure:3342: gcc -c -g  conftest.c >&5
configure:3342: $? = 0
configure:3386: result: yes
configure:3406: checking for gcc option to enable C11 features
configure:3421: gcc  -c -g -O2  conftest.c >&5
configure:3421: $? = 0
configure:3439: result: none needed
configure:3555: checking whether gcc understands -c and -o together
configure:3578: gcc -c conftest.c -o conftest2.o
configure:3581: $? = 0
configure:3578: gcc -c conftest.c -o conftest2.o
configure:3581: $? = 0
configure:3593: result: yes
configure:3615: checking for stdio.h
configure:3615: gcc -c -g -O2  conftest.c >&5
configure:3615: $? = 0
configure:3615: result: yes
configure:3615: checking for stdlib.h
configure:3615: gcc -c -g -O2  conftest.c >&5
configure:3615: $? = 0
configure:3615: result: yes
configure:3615: checking for string.h
configure:3615: gcc -c -g -O2  conftest.c >&5
configure:3615: $? = 0
configure:3615: result: yes
configure:3615: checking for inttypes.h
configure:3615: gcc -c -g -O2  conftest.c >&5
configure:3615: $? = 0
configure:3615: result: yes
configure:3615: checking for stdint.h
configure:3615: gcc -c -g -O2  conftest.c >&5
configure:3615: $? = 0
configure:3615: result: yes
configure:3615: checking for strings.h
configure:3615: gcc -c -g -O2  conftest.c >&5
configure:3615: $? = 0
configure:3615: result: yes
configure:3615: checking for sys/stat.h
configure:3615: gcc -c -g -O2  conftest.c >&5
configure:3615: $? = 0
configure:3615: result: yes
configure:3615: checking for sys/types.h
configure:3615: gcc -c -g -O2  conftest.c >&5
configure:3615: $? = 0
configure:3615: result: yes
configure:3615: checking for unistd.h
configure:3615: gcc -c -g -O2  conftest.c >&5
configure:3615: $? = 0
configure:3615: result: yes
configure:3615: checking for wchar.h
configure:3615: gcc -c -g -O2  conftest.c >&5
configure:3615: $? = 0
configure:3615: result: yes
configure:3615: checking for minix/config.h
configure:3615: gcc -c -g -O2  conftest.c >&5
conftest.c:47:10: fatal error: minix/config.h: No such file or directory
   47 | #include <minix/config.h>
      |          ^~~~~~~~~~~~~~~~
compilation terminated.
configure:3615: $? = 1
configure: failed program was:
| /* confdefs.h */
| #define PACKAGE_NAME "rnnoise"
| #define PACKAGE_TARNAME "rnnoise"
| #define PACKAGE_VERSION "0.2-15-g751dc33"
| #define PACKAGE_STRING "rnnoise 0.2-15-g751dc33"
| #define PACKAGE_BUGREPORT "jmvalin@jmvalin.ca"
| #define PACKAGE_URL ""
| #define HAVE_STDIO_H 1
| #define HAVE_STDLIB_H 1
| #define HAVE_STRING_H 1
| #define HAVE_INTTYPES_H 1
| #define HAVE_STDINT_H 1
| #define HAVE_STRINGS_H 1
| #define HAVE_SYS_STAT_H 1
| #define HAVE_SYS_TYPES_H 1
| #define HAVE_UNISTD_H 1
| #define HAVE_WCHAR_H 1
| /* end confdefs.h.  */
| #include <stddef.h>
| #ifdef HAVE_STDIO_H
| # include <stdio.h>
| #endif
| #ifdef HAVE_STDLIB_H
| # include <stdlib.h>
| #endif
| #ifdef HAVE_STRING_H
| # include <string.h>
| #endif
| #ifdef HAVE_INTTYPES_H
| # include <inttypes.h>
| #endif
| #ifdef HAVE_STDINT_H
| # include <stdint.h>
| #endif
| #ifdef HAVE_STRINGS_H
| # include <strings.h>
| #endif
| #ifdef HAVE_SYS_TYPES_H
| # include <sys/types.h>
| #endif
| #ifdef HAVE_SYS_STAT_H
| # include <sys/stat.h>
| #endif
| #ifdef HAVE_UNISTD_H
| # include <unistd.h>
| #endif
| #include <minix/config.h>
configure:3615: result: no
configure:3646: checking whether it is safe to define __EXTENSIONS__
configure:3665: gcc -c -g -O2  conftest.c >&5
configure:3665: $? = 0
configure:3673: result: yes
configure:3676: checking whether _XOPEN_SOURCE should be defined
configure:3698: gcc -c -g -O2  conftest.c >&5
configure:3698: $? = 0
configure:3725: result: no
configure:3789: checking for special C compiler options needed for large files
configure:3837: result: no
configure:3843: checking for _FILE_OFFSET_BITS value needed for large files
configure:3869: gcc -c -g -O2  conftest.c >&5
configure:3869: $? = 0
configure:3903: result: no
configure:4003: checking for a BSD-compatible install
configure:4076: result: /usr/bin/install -c
configure:4087: checking whether build environment is sane
configure:4142: result: yes
configure:4297: checking for a race-free mkdir -p
configure:4341: result: /usr/bin/mkdir -p
configure:4348: checking for gawk
configure:4369: found /usr/bin/gawk
configure:4380: result: gawk
configure:4391: checking whether make sets $(MAKE)
configure:4414: result: yes
configure:4436: checking whether make supports the include directive
configure:4451: make -f confmf.GNU && cat confinc.out
this is the am__doit target
configure:4454: $? = 0
configure:4473: result: yes (GNU style)
configure:4508: checking whether make supports nested variables
configure:4526: result: yes
configure:4602: checking dependency style of gcc
configure:4714: result: gcc3
configure:4787: checking whether to enable maintainer-specific portions of Makefiles
configure:4797: result: yes
configure:4811: checking for inline
configure:4828: gcc -c -g -O2  conftest.c >&5
configure:4828: $? = 0
configure:4837: result: inline
configure:4888: checking build system type
configure:4903: result: x86_64-pc-linux-gnu
configure:4923: checking host system type
configure:4937: result: x86_64-pc-linux-gnu
configure:4978: checking how to print strings
configure:5005: result: printf
configure:5026: checking for a sed that does not truncate output
configure:5096: result: /usr/bin/sed
configure:5114: checking for grep that handles long lines and -e
configure:5178: result: /usr/bin/grep
configure:5183: checking for egrep
configure:5251: result: /usr/bin/grep -E
configure:5256: checking for fgrep
configure:5324: result: /usr/bin/grep -F
configure:5360: checking for ld used by gcc
configure:5428: result: /usr/bin/ld
configure:5435: checking if the linker (/usr/bin/ld) is GNU ld
configure:5451: result: yes
configure:5463: checking for BSD- or MS-compatible name lister (nm)
configure:5518: result: /usr/bin/nm -B
configure:5658: checking the name lister (/usr/bin/nm -B) interface
configure:5666: gcc -c -g -O2  conftest.c >&5
configure:5669: /usr/bin/nm -B "conftest.o"
configure:5672: output
0000000000000000 B some_variable
configure:5679: result: BSD nm
configure:5682: checking whether ln -s works
configure:5686: result: yes
configure:5694: checking the maximum length of command line arguments
configure:5826: result: 1572864
configure:5874: checking how to convert x86_64-pc-linux-gnu file names to x86_64-pc-linux-gnu format
configure:5915: result: func_convert_file_noop
configure:5922: checking how to convert x86_64-pc-linux-gnu file names to toolchain format
configure:5943: result: func_convert_file_noop
configure:5950: checking for /usr/bin/ld option to reload object files
configure:5958: result: -r
configure:6037: checking for objdump
configure:6058: found /usr/bin/objdump
configure:6069: result: objdump
configure:6101: checking how to recognize dependent libraries
configure:6302: result: pass_all
configure:6392: checking for dlltool
configure:6427: result: no
configure:6457: checking how to associate runtime and link libraries
configure:6485: result: printf %s\n
configure:6550: checking for ar
configure:6571: found /usr/bin/ar
configure:6582: result: ar
configure:6619: checking for archiver @FILE support
configure:6637: gcc -c -g -O2  conftest.c >&5
configure:6637: $? = 0
configure:6641: ar cr libconftest.a @conftest.lst >&5
configure:6644: $? = 0
configure:6649: ar cr libconftest.a @conftest.lst >&5
ar: conftest.o: No such file or directory
configure:6652: $? = 1
configure:6664: result: @
configure:6727: checking for strip
configure:6748: found /usr/bin/strip
configure:6759: result: strip
configure:6836: checking for ranlib
configure:6857: found /usr/bin/ranlib
configure:6868: result: ranlib
configure:6970: checking command to parse /usr/bin/nm -B output from gcc object
configure:7124: gcc -c -g -O2  conftest.c >&5
configure:7127: $? = 0
configure:7131: /usr/bin/nm -B conftest.o | sed -n -e 's/^.*[	 ]\([ABCDGIRSTW][ABCDGIRSTW]*\)[	 ][	 ]*\([_A-Za-z][_A-Za-z0-9]*\)$/\1 \2 \2/p' | sed '/ __gnu_lto/d' > conftest.nm
configure:7197: gcc -o conftest -g -O2   conftest.c conftstm.o >&5
configure:7200: $? = 0
configure:7238: result: ok
configure:7285: checking for sysroot
configure:7316: result: no
configure:7323: checking for a working dd
configure:7367: result: /usr/bin/dd
configure:7371: checking how to truncate binary pipes
configure:7387: result: /usr/bin/dd bs=4096 count=1
configure:7524: gcc -c -g -O2  conftest.c >&5
configure:7527: $? = 0
configure:7724: checking for mt
configure:7745: found /usr/bin/mt
configure:7756: result: mt
configure:7779: checking if mt is a manifest tool
configure:7786: mt '-?'
configure:7794: result: no
configure:8520: checking for dlfcn.h
configure:8520: gcc -c -g -O2  conftest.c >&5
configure:8520: $? = 0
configure:8520: result: yes
configure:8779: checking for objdir
configure:8795: result: .libs
configure:9059: checking if gcc supports -fno-rtti -fno-exceptions
configure:9078: gcc -c -g -O2  -fno-rtti -fno-exceptions conftest.c >&5
cc1: warning: command-line option '-fno-rtti' is valid for C++/D/ObjC++ but not for C
configure:9082: $? = 0
configure:9095: result: no
configure:9459: checking for gcc option to produce PIC
configure:9467: result: -fPIC -DPIC
configure:9475: checking if gcc PIC flag -fPIC -DPIC works
configure:9494: gcc -c -g -O2  -fPIC -DPIC -DPIC conftest.c >&5
configure:9498: $? = 0
configure:9511: result: yes
configure:9540: checking if gcc static flag -static works
configure:9569: result: yes
configure:9584: checking if gcc supports -c -o file.o
configure:9606: gcc -c -g -O2  -o out/conftest2.o conftest.c >&5
configure:9610: $? = 0
configure:9632: result: yes
configure:9640: checking if gcc supports -c -o file.o
configure:9688: result: yes
configure:9721: checking whether the gcc linker (/usr/bin/ld -m elf_x86_64) supports shared libraries
configure:10991: result: yes
configure:11028: checking whether -lc should be explicitly linked in
configure:11037: gcc -c -g -O2  conftest.c >&5
configure:11040: $? = 0
configure:11055: gcc -shared  -fPIC -DPIC conftest.o  -v -Wl,-soname -Wl,conftest -o conftest 2\>\&1 \| /usr/bin/grep  -lc  \>/dev/null 2\>\&1
configure:11058: $? = 0
configure:11072: result: no
configure:11232: checking dynamic linker characteristics
configure:11814: gcc -o conftest -g -O2   -Wl,-rpath -Wl,/foo conftest.c  >&5
configure:11814: $? = 0
configure:12065: result: GNU/Linux ld.so
configure:12187: checking how to hardcode library paths into programs
configure:12212: result: immediate
configure:12764: checking whether stripping libraries is possible
configure:12769: result: yes
configure:12804: checking if libtool supports shared libraries
configure:12806: result: yes
configure:12809: checking whether to build shared libraries
configure:12834: result: yes
configure:12837: checking whether to build static libraries
configure:12841: result: yes
configure:12891: checking whether make supports nested variables
configure:12909: result: yes
configure:12937: checking if gcc supports -pedantic flag
configure:12954: gcc -o conftest -g -O2 -pedantic   conftest.c  >&5
configure:12954: $? = 0
configure:12974: result: yes
configure:12937: checking if gcc supports -Wall flag
configure:12954: gcc -o conftest -g -O2 -pedantic -Wall   conftest.c  >&5
configure:12954: $? = 0
configure:12974: result: yes
configure:12937: checking if gcc supports -Wextra flag
configure:12954: gcc -o conftest -g -O2 -pedantic -Wall -Wextra   conftest.c  >&5
configure:12954: $? = 0
configure:12974: result: yes
configure:12937: checking if gcc supports -Wno-sign-compare flag
configure:12954: gcc -o conftest -g -O2 -pedantic -Wall -Wextra -Wno-sign-compare   conftest.c  >&5
configure:12954: $? = 0
configure:12974: result: yes
configure:12937: checking if gcc supports -Wno-parentheses flag
configure:12954: gcc -o conftest -g -O2 -pedantic -Wall -Wextra -Wno-sign-compare -Wno-parentheses   conftest.c  >&5
configure:12954: $? = 0
configure:12974: result: yes
configure:12937: checking if gcc supports -Wno-long-long flag
configure:12954: gcc -o conftest -g -O2 -pedantic -Wall -Wextra -Wno-sign-compare -Wno-parentheses -Wno-long-long   conftest.c  >&5
configure:12954: $? = 0
configure:12974: result: yes
configure:13241: checking for cos in -lm
configure:13264: gcc -o conftest -g -O2 -pedantic -Wall -Wextra -Wno-sign-compare -Wno-parentheses -Wno-long-long   conftest.c -lm   >&5
conftest.c:44:6: warning: conflicting types for built-in function 'cos'; expected 'double(double)' [-Wbuiltin-declaration-mismatch]
   44 | char cos ();
      |      ^~~
conftest.c:1:1: note: 'cos' is declared in header '<math.h>'
    1 | /* confdefs.h */
configure:13264: $? = 0
configure:13274: result: yes
configure:13289: checking for gcc way to treat warnings as errors
configure:13306: gcc -o conftest -g -O2 -pedantic -Wall -Wextra -Wno-sign-compare -Wno-parentheses -Wno-long-long -Werror   conftest.c  >&5
configure:13306: $? = 0
configure:13356: result: -Werror
configure:13362: checking if gcc supports __attribute__(( visibility("default") ))
configure:13374: gcc -c -g -O2 -pedantic -Wall -Wextra -Wno-sign-compare -Wno-parentheses -Wno-long-long -Werror  conftest.c >&5
configure:13374: $? = 0
configure:13384: result: yes
configure:13395: checking if gcc supports -fvisibility=hidden
configure:13414: gcc -o conftest -g -O2 -pedantic -Wall -Wextra -Wno-sign-compare -Wno-parentheses -Wno-long-long -Werror -fvisibility=hidden   conftest.c  >&5
configure:13414: $? = 0
configure:13436: result: yes
configure:13467: checking for doxygen
configure:13500: result: no
configure:13510: checking for dot
configure:13543: result: no
configure:13672: checking that generated files are newer than configure
configure:13678: result: done
configure:13721: creating ./config.status

## ---------------------- ##
## Running config.status. ##
## ---------------------- ##

This file was extended by rnnoise config.status 0.2-15-g751dc33, which was
generated by GNU Autoconf 2.71.  Invocation command line was

  CONFIG_FILES    = 
  CONFIG_HEADERS  = 
  CONFIG_LINKS    = 
  CONFIG_COMMANDS = 
  $ ./config.status 

on cz-audio

config.status:1121: creating Makefile
config.status:1121: creating rnnoise.pc
config.status:1121: creating rnnoise-uninstalled.pc
config.status:1121: creating doc/Doxyfile
config.status:1121: creating config.h
config.status:1350: executing depfiles commands
config.status:1427: cd .       && sed -e '/# am--include-marker/d' Makefile         | make -f - am--depfiles
config.status:1432: $? = 0
config.status:1350: executing libtool commands
configure:15866:
------------------------------------------------------------------------
  rnnoise 0.2-15-g751dc33: Automatic configuration OK.

    Assertions ................... no

    Hidden visibility ............ yes

    API code examples ............ yes
    API documentation ............ yes
------------------------------------------------------------------------


## ---------------- ##
## Cache variables. ##
## ---------------- ##

ac_cv_build=x86_64-pc-linux-gnu
ac_cv_c_compiler_gnu=yes
ac_cv_c_inline=inline
ac_cv_env_CC_set=
ac_cv_env_CC_value=
ac_cv_env_CFLAGS_set=
ac_cv_env_CFLAGS_value=
ac_cv_env_CPPFLAGS_set=
ac_cv_env_CPPFLAGS_value=
ac_cv_env_LDFLAGS_set=
ac_cv_env_LDFLAGS_value=
ac_cv_env_LIBS_set=
ac_cv_env_LIBS_value=
ac_cv_env_LT_SYS_LIBRARY_PATH_set=
ac_cv_env_LT_SYS_LIBRARY_PATH_value=
ac_cv_env_build_alias_set=
ac_cv_env_build_alias_value=
ac_cv_env_host_alias_set=
ac_cv_env_host_alias_value=
ac_cv_env_target_alias_set=
ac_cv_env_target_alias_value=
ac_cv_header_dlfcn_h=yes
ac_cv_header_inttypes_h=yes
ac_cv_header_minix_config_h=no
ac_cv_header_stdint_h=yes
ac_cv_header_stdio_h=yes
ac_cv_header_stdlib_h=yes
ac_cv_header_string_h=yes
ac_cv_header_strings_h=yes
ac_cv_header_sys_stat_h=yes
ac_cv_header_sys_types_h=yes
ac_cv_header_unistd_h=yes
ac_cv_header_wchar_h=yes
ac_cv_host=x86_64-pc-linux-gnu
ac_cv_lib_m_cos=yes
ac_cv_objext=o
ac_cv_path_EGREP='/usr/bin/grep -E'
ac_cv_path_FGREP='/usr/bin/grep -F'
ac_cv_path_GREP=/usr/bin/grep
ac_cv_path_SED=/usr/bin/sed
ac_cv_path_install='/usr/bin/install -c'
ac_cv_path_lt_DD=/usr/bin/dd
ac_cv_path_mkdir=/usr/bin/mkdir
ac_cv_prog_AWK=gawk
ac_cv_prog_HAVE_DOT=no
ac_cv_prog_HAVE_DOXYGEN=no
ac_cv_prog_ac_ct_AR=ar
ac_cv_prog_ac_ct_CC=gcc
ac_cv_prog_ac_ct_MANIFEST_TOOL=mt
ac_cv_prog_ac_ct_OBJDUMP=objdump
ac_cv_prog_ac_ct_RANLIB=ranlib
ac_cv_prog_ac_ct_STRIP=strip
ac_cv_prog_cc_c11=
ac_cv_prog_cc_g=yes
ac_cv_prog_cc_stdc=
ac_cv_prog_make_make_set=yes
ac_cv_safe_to_define___extensions__=yes
ac_cv_should_define__xopen_source=no
ac_cv_sys_file_offset_bits=no
ac_cv_sys_largefile_CC=no
am_cv_CC_dependencies_compiler_type=gcc3
am_cv_make_support_nested_variables=yes
am_cv_prog_cc_c_o=yes
cc_cv_attribute_visibility_default=yes
cc_cv_cflags__Wall=yes
cc_cv_cflags__Werror=yes
cc_cv_cflags__Wextra=yes
cc_cv_cflags__Wno_long_long=yes
cc_cv_cflags__Wno_parentheses=yes
cc_cv_cflags__Wno_sign_compare=yes
cc_cv_cflags__fvisibility_hidden=yes
cc_cv_cflags__pedantic=yes
cc_cv_flag_visibility=yes
cc_cv_werror=-Werror
lt_cv_ar_at_file=@
lt_cv_archive_cmds_need_lc=no
lt_cv_deplibs_check_method=pass_all
lt_cv_file_magic_cmd='$MAGIC_CMD'
lt_cv_file_magic_test_file=
lt_cv_ld_reload_flag=-r
lt_cv_nm_interface='BSD nm'
lt_cv_objdir=.libs
lt_cv_path_LD=/usr/bin/ld
lt_cv_path_NM='/usr/bin/nm -B'
lt_cv_path_mainfest_tool=no
lt_cv_prog_compiler_c_o=yes
lt_cv_prog_compiler_pic='-fPIC -DPIC'
lt_cv_prog_compiler_pic_works=yes
lt_cv_prog_compiler_rtti_exceptions=no
lt_cv_prog_compiler_static_works=yes
lt_cv_prog_gnu_ld=yes
lt_cv_sharedlib_from_linklib_cmd='printf %s\n'
lt_cv_shlibpath_overrides_runpath=yes
lt_cv_sys_global_symbol_pipe='sed -n -e '\''s/^.*[	 ]\([ABCDGIRSTW][ABCDGIRSTW]*\)[	 ][	 ]*\([_A-Za-z][_A-Za-z0-9]*\)$/\1 \2 \2/p'\'' | sed '\''/ __gnu_lto/d'\'''
lt_cv_sys_global_symbol_to_c_name_address='sed -n -e '\''s/^: \(.*\) .*$/  {"\1", (void *) 0},/p'\'' -e '\''s/^[ABCDGIRSTW][ABCDGIRSTW]* .* \(.*\)$/  {"\1", (void *) \&\1},/p'\'''
lt_cv_sys_global_symbol_to_c_name_address_lib_prefix='sed -n -e '\''s/^: \(.*\) .*$/  {"\1", (void *) 0},/p'\'' -e '\''s/^[ABCDGIRSTW][ABCDGIRSTW]* .* \(lib.*\)$/  {"\1", (void *) \&\1},/p'\'' -e '\''s/^[ABCDGIRSTW][ABCDGIRSTW]* .* \(.*\)$/  {"lib\1", (void *) \&\1},/p'\'''
lt_cv_sys_global_symbol_to_cdecl='sed -n -e '\''s/^T .* \(.*\)$/extern int \1();/p'\'' -e '\''s/^[ABCDGIRSTW][ABCDGIRSTW]* .* \(.*\)$/extern char \1;/p'\'''
lt_cv_sys_global_symbol_to_import=
lt_cv_sys_max_cmd_len=1572864
lt_cv_to_host_file_cmd=func_convert_file_noop
lt_cv_to_tool_file_cmd=func_convert_file_noop
lt_cv_truncate_bin='/usr/bin/dd bs=4096 count=1'

## ----------------- ##
## Output variables. ##
## ----------------- ##

ACLOCAL='${SHELL} '\''/home/gyang/rnnoise/missing'\'' aclocal-1.16'
AMDEPBACKSLASH='\'
AMDEP_FALSE='#'
AMDEP_TRUE=''
AMTAR='$${TAR-tar}'
AM_BACKSLASH='\'
AM_DEFAULT_V='$(AM_DEFAULT_VERBOSITY)'
AM_DEFAULT_VERBOSITY='0'
AM_V='$(V)'
AR='ar'
AUTOCONF='${SHELL} '\''/home/gyang/rnnoise/missing'\'' autoconf'
AUTOHEADER='${SHELL} '\''/home/gyang/rnnoise/missing'\'' autoheader'
AUTOMAKE='${SHELL} '\''/home/gyang/rnnoise/missing'\'' automake-1.16'
AWK='gawk'
CC='gcc'
CCDEPMODE='depmode=gcc3'
CFLAGS='-g -O2 -pedantic -Wall -Wextra -Wno-sign-compare -Wno-parentheses -Wno-long-long -fvisibility=hidden'
CPPFLAGS=''
CSCOPE='cscope'
CTAGS='ctags'
CYGPATH_W='echo'
DEFS='-DHAVE_CONFIG_H'
DEPDIR='.deps'
DLLTOOL='false'
DSYMUTIL=''
DUMPBIN=''
ECHO_C=''
ECHO_N='-n'
ECHO_T=''
EGREP='/usr/bin/grep -E'
ETAGS='etags'
EXEEXT=''
FGREP='/usr/bin/grep -F'
GREP='/usr/bin/grep'
HAVE_DOT='no'
HAVE_DOXYGEN='no'
HAVE_DOXYGEN_FALSE=''
HAVE_DOXYGEN_TRUE='#'
INSTALL_DATA='${INSTALL} -m 644'
INSTALL_PROGRAM='${INSTALL}'
INSTALL_SCRIPT='${INSTALL}'
INSTALL_STRIP_PROGRAM='$(install_sh) -c -s'
LD='/usr/bin/ld -m elf_x86_64'
LDFLAGS=''
LIBM='-lm'
LIBOBJS=''
LIBS=''
LIBTOOL='$(SHELL) $(top_builddir)/libtool'
LIPO=''
LN_S='ln -s'
LTLIBOBJS=''
LT_SYS_LIBRARY_PATH=''
MAINT=''
MAINTAINER_MODE_FALSE='#'
MAINTAINER_MODE_TRUE=''
MAKEINFO='${SHELL} '\''/home/gyang/rnnoise/missing'\'' makeinfo'
MANIFEST_TOOL=':'
MKDIR_P='/usr/bin/mkdir -p'
NM='/usr/bin/nm -B'
NMEDIT=''
OBJDUMP='objdump'
OBJEXT='o'
OPUS_X86_AVX2_CFLAGS='-mavx -mfma -mavx2'
OPUS_X86_SSE4_1_CFLAGS='-msse4.1'
OP_ENABLE_EXAMPLES_FALSE='#'
OP_ENABLE_EXAMPLES_TRUE=''
OP_LT_AGE='4'
OP_LT_CURRENT='4'
OP_LT_REVISION='1'
OP_WIN32_FALSE=''
OP_WIN32_TRUE='#'
OTOOL64=''
OTOOL=''
PACKAGE='rnnoise'
PACKAGE_BUGREPORT='jmvalin@jmvalin.ca'
PACKAGE_NAME='rnnoise'
PACKAGE_STRING='rnnoise 0.2-15-g751dc33'
PACKAGE_TARNAME='rnnoise'
PACKAGE_URL=''
PACKAGE_VERSION='0.2-15-g751dc33'
PATH_SEPARATOR=':'
RANLIB='ranlib'
RNN_ENABLE_X86_RTCD_FALSE=''
RNN_ENABLE_X86_RTCD_TRUE='#'
SED='/usr/bin/sed'
SET_MAKE=''
SHELL='/bin/bash'
STRIP='strip'
VERSION='0.2-15-g751dc33'
ac_ct_AR='ar'
ac_ct_CC='gcc'
ac_ct_DUMPBIN=''
am__EXEEXT_FALSE=''
am__EXEEXT_TRUE='#'
am__fastdepCC_FALSE='#'
am__fastdepCC_TRUE=''
am__include='include'
am__isrc=''
am__leading_dot='.'
am__nodep='_no'
am__quote=''
am__tar='$${TAR-tar} chof - "$$tardir"'
am__untar='$${TAR-tar} xf -'
bindir='${exec_prefix}/bin'
build='x86_64-pc-linux-gnu'
build_alias=''
build_cpu='x86_64'
build_os='linux-gnu'
build_vendor='pc'
datadir='${datarootdir}'
datarootdir='${prefix}/share'
docdir='${datarootdir}/doc/${PACKAGE_TARNAME}'
dvidir='${docdir}'
exec_prefix='${prefix}'
host='x86_64-pc-linux-gnu'
host_alias=''
host_cpu='x86_64'
host_os='linux-gnu'
host_vendor='pc'
htmldir='${docdir}'
includedir='${prefix}/include'
infodir='${datarootdir}/info'
install_sh='${SHELL} /home/gyang/rnnoise/install-sh'
libdir='${exec_prefix}/lib'
libexecdir='${exec_prefix}/libexec'
localedir='${datarootdir}/locale'
localstatedir='${prefix}/var'
lrintf_lib=''
mandir='${datarootdir}/man'
mkdir_p='$(MKDIR_P)'
oldincludedir='/usr/include'
pdfdir='${docdir}'
prefix='/usr/local'
program_transform_name='s,x,x,'
psdir='${docdir}'
runstatedir='${localstatedir}/run'
sbindir='${exec_prefix}/sbin'
sharedstatedir='${prefix}/com'
sysconfdir='${prefix}/etc'
target_alias=''

## ----------- ##
## confdefs.h. ##
## ----------- ##

/* confdefs.h */
#define PACKAGE_NAME "rnnoise"
#define PACKAGE_TARNAME "rnnoise"
#define PACKAGE_VERSION "0.2-15-g751dc33"
#define PACKAGE_STRING "rnnoise 0.2-15-g751dc33"
#define PACKAGE_BUGREPORT "jmvalin@jmvalin.ca"
#define PACKAGE_URL ""
#define HAVE_STDIO_H 1
#define HAVE_STDLIB_H 1
#define HAVE_STRING_H 1
#define HAVE_INTTYPES_H 1
#define HAVE_STDINT_H 1
#define HAVE_STRINGS_H 1
#define HAVE_SYS_STAT_H 1
#define HAVE_SYS_TYPES_H 1
#define HAVE_UNISTD_H 1
#define HAVE_WCHAR_H 1
#define STDC_HEADERS 1
#define _ALL_SOURCE 1
#define _DARWIN_C_SOURCE 1
#define _GNU_SOURCE 1
#define _HPUX_ALT_XOPEN_SOCKET_API 1
#define _NETBSD_SOURCE 1
#define _OPENBSD_SOURCE 1
#define _POSIX_PTHREAD_SEMANTICS 1
#define __STDC_WANT_IEC_60559_ATTRIBS_EXT__ 1
#define __STDC_WANT_IEC_60559_BFP_EXT__ 1
#define __STDC_WANT_IEC_60559_DFP_EXT__ 1
#define __STDC_WANT_IEC_60559_FUNCS_EXT__ 1
#define __STDC_WANT_IEC_60559_TYPES_EXT__ 1
#define __STDC_WANT_LIB_EXT2__ 1
#define __STDC_WANT_MATH_SPEC_FUNCS__ 1
#define _TANDEM_SOURCE 1
#define __EXTENSIONS__ 1
#define HAVE_DLFCN_H 1
#define LT_OBJDIR ".libs/"
#define RNNOISE_BUILD /**/
#define DISABLE_DEBUG_FLOAT 1
#define SUPPORT_ATTRIBUTE_VISIBILITY_DEFAULT 1
#define SUPPORT_FLAG_VISIBILITY 1

configure: exit 0
